<?xml version="1.0" encoding="UTF-8"?><testrun name="test" project="JackarooGame" tests="252" started="252" failures="8" errors="2" ignored="0">
  <testsuite name="test.Milestone1PublicTests" time="0.641">
    <testcase name="testBoardInstanceVariablehSafeZonesOfTypeArrayListOfSafeZone" classname="test.Milestone1PublicTests" time="0.008"/>
    <testcase name="testCardFileInDeckOfType" classname="test.Milestone1PublicTests" time="0.009"/>
    <testcase name="testBurnerCardConstructorInitialization" classname="test.Milestone1PublicTests" time="0.012"/>
    <testcase name="testConstructorWild" classname="test.Milestone1PublicTests" time="0.0"/>
    <testcase name="testConstructorSplitOutOfRangeException" classname="test.Milestone1PublicTests" time="0.003"/>
    <testcase name="testCardInstanceVariableNameIsPresent" classname="test.Milestone1PublicTests" time="0.0"/>
    <testcase name="testClassIsAbstractGameException" classname="test.Milestone1PublicTests" time="0.001"/>
    <testcase name="testBoardInstanceVariableTrackIsFinal" classname="test.Milestone1PublicTests" time="0.0"/>
    <testcase name="testPlayerInstanceVariableMarblesGetterLogic" classname="test.Milestone1PublicTests" time="0.002"/>
    <testcase name="testConstructorIllegalSwapException" classname="test.Milestone1PublicTests" time="0.001"/>
    <testcase name="testGameInstanceVariableTurnNOGetter" classname="test.Milestone1PublicTests" time="0.001"/>
    <testcase name="testInvalidMarbleExceptionConstructorInitializationCheck" classname="test.Milestone1PublicTests" time="0.001"/>
    <testcase name="testClassFiveExists" classname="test.Milestone1PublicTests" time="0.001"/>
    <testcase name="testCurrentPlayerIndexInGameType" classname="test.Milestone1PublicTests" time="0.0"/>
    <testcase name="testGetterForInstanceVariableSuitDoesNotExistInWeaponSubClasses" classname="test.Milestone1PublicTests" time="0.001"/>
    <testcase name="testGameInstanceVariableBoardNoSetter" classname="test.Milestone1PublicTests" time="0.001"/>
    <testcase name="testIllegalMovementExceptionConstructorInitialization" classname="test.Milestone1PublicTests" time="0.002"/>
    <testcase name="testGameInstanceVariableBoardIsFinal" classname="test.Milestone1PublicTests" time="0.001"/>
    <testcase name="testAssignTrapExistanceInClassBoard" classname="test.Milestone1PublicTests" time="0.0"/>
    <testcase name="testConstructorInvalidCardException" classname="test.Milestone1PublicTests" time="0.002"/>
    <testcase name="testGameInstanceVariableFirePitIsPrivate" classname="test.Milestone1PublicTests" time="0.001"/>
    <testcase name="testGameInstanceVariableFirePitPresent" classname="test.Milestone1PublicTests" time="0.0"/>
    <testcase name="testTrapInCellSetterLogic2" classname="test.Milestone1PublicTests" time="0.001"/>
    <testcase name="testConstructorCannotDiscardException" classname="test.Milestone1PublicTests" time="0.002"/>
    <testcase name="testCellTypeEnumValues" classname="test.Milestone1PublicTests" time="0.001"/>
    <testcase name="testKingCardConstructorInitialization" classname="test.Milestone1PublicTests" time="0.005"/>
    <testcase name="testGetterLogicForDescriptionInClassStandard" classname="test.Milestone1PublicTests" time="0.006"/>
    <testcase name="testBoardInstanceVariableTrackGetterLogic" classname="test.Milestone1PublicTests" time="0.005"/>
    <testcase name="testConstructorSevenExists" classname="test.Milestone1PublicTests" time="0.001"/>
    <testcase name="testColourEnumValues" classname="test.Milestone1PublicTests" time="0.0"/>
    <testcase name="testBoardConstructorInitializationSplittingDisctanceCorrect" classname="test.Milestone1PublicTests" time="0.004"/>
    <testcase name="testInvalidCardExceptionConstructorInitialization" classname="test.Milestone1PublicTests" time="0.001"/>
    <testcase name="testDrawCardsInDeckShufflesCards" classname="test.Milestone1PublicTests" time="0.005"/>
    <testcase name="testCellInstanceVariableCellTypeIsPrivate" classname="test.Milestone1PublicTests" time="0.0"/>
    <testcase name="testPlayerInstanceVariableNameGetterLogic" classname="test.Milestone1PublicTests" time="0.001"/>
    <testcase name="testDrawCardsInDeckReturnsFourCards" classname="test.Milestone1PublicTests" time="0.004"/>
    <testcase name="testMarbleConstructorInitialization" classname="test.Milestone1PublicTests" time="0.003"/>
    <testcase name="testMarbleInstanceVariableColourIsPrivate" classname="test.Milestone1PublicTests" time="0.008"/>
    <testcase name="testCardsPoolInDeckOfType" classname="test.Milestone1PublicTests" time="0.001"/>
    <testcase name="testCardsFileInDeckIsStatic" classname="test.Milestone1PublicTests" time="0.002"/>
    <testcase name="testSafeZoneConstructorInitializationColour" classname="test.Milestone1PublicTests" time="0.001"/>
    <testcase name="testGameInstanceVariableFirePitGetterLogic" classname="test.Milestone1PublicTests" time="0.01"/>
    <testcase name="testBoardInstanceVariableSplitDistanceOfTypeInt" classname="test.Milestone1PublicTests" time="0.001"/>
    <testcase name="testSafeZoneInstanceVariableColourNoSetter" classname="test.Milestone1PublicTests" time="0.001"/>
    <testcase name="testConstructorJackExists" classname="test.Milestone1PublicTests" time="0.001"/>
    <testcase name="testConstructorSaver" classname="test.Milestone1PublicTests" time="0.001"/>
    <testcase name="testSaverCardExists" classname="test.Milestone1PublicTests" time="0.001"/>
    <testcase name="testGameConstructorInitializationFirePit" classname="test.Milestone1PublicTests" time="0.01"/>
    <testcase name="testGameClassImplementsGameManagerInterface" classname="test.Milestone1PublicTests" time="0.002"/>
    <testcase name="testPlayerInstanceVariableHandGetterExists" classname="test.Milestone1PublicTests" time="0.001"/>
    <testcase name="testCardInstanceVariableNameisFinal" classname="test.Milestone1PublicTests" time="0.001"/>
    <testcase name="testClassIsSubclassGameException" classname="test.Milestone1PublicTests" time="0.001"/>
    <testcase name="testLoadCardPoolInDeckisStatic" classname="test.Milestone1PublicTests" time="0.001"/>
    <testcase name="testGameInstanceVariablePlayersIsFinal" classname="test.Milestone1PublicTests" time="0.001"/>
    <testcase name="testConstructorCannotFieldException" classname="test.Milestone1PublicTests" time="0.001"/>
    <testcase name="testCardInstanceVariableSuitiFinal" classname="test.Milestone1PublicTests" time="0.002"/>
    <testcase name="testColourValues" classname="test.Milestone1PublicTests" time="0.001"/>
    <testcase name="testLoadCardPoolInDeckReadingCSVLoadingStandardCards1Rank" classname="test.Milestone1PublicTests" time="0.019">
      <failure>java.lang.AssertionError: Wrong rank loaded for Standard card expected:&lt;7&gt; but was:&lt;1&gt;&#13;
	at org.junit.Assert.fail(Assert.java:88)&#13;
	at org.junit.Assert.failNotEquals(Assert.java:834)&#13;
	at org.junit.Assert.assertEquals(Assert.java:118)&#13;
	at test.Milestone1PublicTests.testLoadCardPoolInDeckReadingCSVLoadingStandardCards1Rank(Milestone1PublicTests.java:1594)&#13;
	at sun.reflect.NativeMethodAccessorImpl.invoke0(Native Method)&#13;
	at sun.reflect.NativeMethodAccessorImpl.invoke(Unknown Source)&#13;
	at sun.reflect.DelegatingMethodAccessorImpl.invoke(Unknown Source)&#13;
	at java.lang.reflect.Method.invoke(Unknown Source)&#13;
	at org.junit.runners.model.FrameworkMethod$1.runReflectiveCall(FrameworkMethod.java:50)&#13;
	at org.junit.internal.runners.model.ReflectiveCallable.run(ReflectiveCallable.java:12)&#13;
	at org.junit.runners.model.FrameworkMethod.invokeExplosively(FrameworkMethod.java:47)&#13;
	at org.junit.internal.runners.statements.InvokeMethod.evaluate(InvokeMethod.java:17)&#13;
	at org.junit.internal.runners.statements.FailOnTimeout$CallableStatement.call(FailOnTimeout.java:298)&#13;
	at org.junit.internal.runners.statements.FailOnTimeout$CallableStatement.call(FailOnTimeout.java:292)&#13;
	at java.util.concurrent.FutureTask.run(Unknown Source)&#13;
	at java.lang.Thread.run(Unknown Source)&#13;
&#13;
</failure>
    </testcase>
    <testcase name="testTestingfiveIsSubClassOfStandrad" classname="test.Milestone1PublicTests" time="0.0"/>
    <testcase name="testEmptyConstructorIllegalDestroyException" classname="test.Milestone1PublicTests" time="0.003"/>
    <testcase name="testSafeZoneInstanceVariableCellsNoSetter" classname="test.Milestone1PublicTests" time="0.002"/>
    <testcase name="testPlayerInstanceVariableMarblesGetterExists" classname="test.Milestone1PublicTests" time="0.001"/>
    <testcase name="testQueenCardConstructorInitialization" classname="test.Milestone1PublicTests" time="0.01"/>
    <testcase name="testGameInstanceVariableTurnIsPrivate" classname="test.Milestone1PublicTests" time="0.001"/>
    <testcase name="testEmptyConstructorActionException" classname="test.Milestone1PublicTests" time="0.001"/>
    <testcase name="testSetterForInstanceVariableRankDoesNotExistInAnyClass" classname="test.Milestone1PublicTests" time="0.001"/>
    <testcase name="testSafeZoneInstanceVariableColourGetterLogic" classname="test.Milestone1PublicTests" time="0.002"/>
    <testcase name="testCannotDiscardExceptionConstructorInitialization" classname="test.Milestone1PublicTests" time="0.001"/>
    <testcase name="testCardInstanceVariableDescriptionisFinal" classname="test.Milestone1PublicTests" time="0.001"/>
    <testcase name="testSaverIsSubClassOfWild" classname="test.Milestone1PublicTests" time="0.001"/>
    <testcase name="testConstructorAceExists" classname="test.Milestone1PublicTests" time="0.001"/>
    <testcase name="testTrapInCellSetterLogic" classname="test.Milestone1PublicTests" time="0.001"/>
    <testcase name="testWildCardIsAnAbstractClass" classname="test.Milestone1PublicTests" time="0.0"/>
    <testcase name="testSafeZoneInstanceVariableCellsIsPrivate" classname="test.Milestone1PublicTests" time="0.001"/>
    <testcase name="testCellInstanceVariableTrapIsPrivate" classname="test.Milestone1PublicTests" time="0.0"/>
    <testcase name="testGetterLogicForSuiteInClassStandard" classname="test.Milestone1PublicTests" time="0.011"/>
    <testcase name="testFiveCardConstructorInitialization" classname="test.Milestone1PublicTests" time="0.006"/>
    <testcase name="testClassIsSubclassActionException" classname="test.Milestone1PublicTests" time="0.001"/>
    <testcase name="testConstructorBurner" classname="test.Milestone1PublicTests" time="0.003"/>
    <testcase name="testSafeZoneConstructorInitializationCells" classname="test.Milestone1PublicTests" time="0.001"/>
    <testcase name="testCellTypeInCellSetterExists" classname="test.Milestone1PublicTests" time="0.0"/>
    <testcase name="testEmptyConstructorSplitOutOfRangeException" classname="test.Milestone1PublicTests" time="0.001"/>
    <testcase name="testMarbleInstanceVariableColourIsFinal" classname="test.Milestone1PublicTests" time="0.002"/>
    <testcase name="testGameInstanceVariableCurrentPlayerIndexNoSetter" classname="test.Milestone1PublicTests" time="0.001"/>
    <testcase name="testBoardConstructorInitializationGameManagerCorrect" classname="test.Milestone1PublicTests" time="0.006"/>
    <testcase name="testLoadCardPoolInDeckThrowsIOException" classname="test.Milestone1PublicTests" time="0.001"/>
    <testcase name="testGameInstanceVariableBoardIsPrivate" classname="test.Milestone1PublicTests" time="0.001"/>
    <testcase name="testPlayerInstanceVariableColourSetterIsAbsent" classname="test.Milestone1PublicTests" time="0.002"/>
    <testcase name="testGameConstructorInitializationPlayersColours" classname="test.Milestone1PublicTests" time="0.003"/>
    <testcase name="testBoardInstanceVariableSafeZonesSetterIsAbsent" classname="test.Milestone1PublicTests" time="0.001"/>
    <testcase name="testPlayerConstructorInitializationSelectedMarblesCorrect" classname="test.Milestone1PublicTests" time="0.001"/>
    <testcase name="testAssignTrapIsPrivateInClassBoard" classname="test.Milestone1PublicTests" time="0.0"/>
    <testcase name="testGameConstructorInitializationPlayersNames" classname="test.Milestone1PublicTests" time="0.008"/>
    <testcase name="testPlayerInstanceVariableSelectedCardOfTypeCard" classname="test.Milestone1PublicTests" time="0.001"/>
    <testcase name="testGameInstanceVariableCurrentPlayerIndexIsFinal" classname="test.Milestone1PublicTests" time="0.001"/>
    <testcase name="testBoardInstanceVariableTrackSetterIsAbsent" classname="test.Milestone1PublicTests" time="0.001"/>
    <testcase name="testCardsPoolInDeckGetterIsAbsent" classname="test.Milestone1PublicTests" time="0.0"/>
    <testcase name="testCellConstructorInitialization" classname="test.Milestone1PublicTests" time="0.001"/>
    <testcase name="testCardInstanceVariablBoardManagerIsPresent" classname="test.Milestone1PublicTests" time="0.001"/>
    <testcase name="testGameConstructorInitializationHandPlayers" classname="test.Milestone1PublicTests" time="0.005">
      <failure>java.lang.AssertionError: Player's hand should countain exactly 4 cards expected:&lt;4&gt; but was:&lt;0&gt;&#13;
	at org.junit.Assert.fail(Assert.java:88)&#13;
	at org.junit.Assert.failNotEquals(Assert.java:834)&#13;
	at org.junit.Assert.assertEquals(Assert.java:645)&#13;
	at test.Milestone1PublicTests.testGameConstructorInitializationHandPlayers(Milestone1PublicTests.java:1992)&#13;
	at sun.reflect.NativeMethodAccessorImpl.invoke0(Native Method)&#13;
	at sun.reflect.NativeMethodAccessorImpl.invoke(Unknown Source)&#13;
	at sun.reflect.DelegatingMethodAccessorImpl.invoke(Unknown Source)&#13;
	at java.lang.reflect.Method.invoke(Unknown Source)&#13;
	at org.junit.runners.model.FrameworkMethod$1.runReflectiveCall(FrameworkMethod.java:50)&#13;
	at org.junit.internal.runners.model.ReflectiveCallable.run(ReflectiveCallable.java:12)&#13;
	at org.junit.runners.model.FrameworkMethod.invokeExplosively(FrameworkMethod.java:47)&#13;
	at org.junit.internal.runners.statements.InvokeMethod.evaluate(InvokeMethod.java:17)&#13;
	at org.junit.internal.runners.statements.FailOnTimeout$CallableStatement.call(FailOnTimeout.java:298)&#13;
	at org.junit.internal.runners.statements.FailOnTimeout$CallableStatement.call(FailOnTimeout.java:292)&#13;
	at java.util.concurrent.FutureTask.run(Unknown Source)&#13;
	at java.lang.Thread.run(Unknown Source)&#13;
&#13;
</failure>
    </testcase>
    <testcase name="testTenCardConstructorInitialization" classname="test.Milestone1PublicTests" time="0.007"/>
    <testcase name="testConstructorKingExists" classname="test.Milestone1PublicTests" time="0.001"/>
    <testcase name="testLoadCardPoolInDeckReadingCSVLoadingMixCards" classname="test.Milestone1PublicTests" time="0.075">
      <failure>
        <expected>genrating random description from suit SPADE and random standard card FOUR</expected>
        <actual>genrating random description from suit DIAMOND and random standard card TEN</actual>org.junit.ComparisonFailure: Card description loaded incorrectly  expected:&lt;...scription from suit [SPADE and random standard card FOUR]&gt; but was:&lt;...scription from suit [DIAMOND and random standard card TEN]&gt;&#13;
	at org.junit.Assert.assertEquals(Assert.java:115)&#13;
	at test.Milestone1PublicTests.testLoadCardPoolInDeckReadingCSVLoadingMixCards(Milestone1PublicTests.java:1331)&#13;
	at sun.reflect.NativeMethodAccessorImpl.invoke0(Native Method)&#13;
	at sun.reflect.NativeMethodAccessorImpl.invoke(Unknown Source)&#13;
	at sun.reflect.DelegatingMethodAccessorImpl.invoke(Unknown Source)&#13;
	at java.lang.reflect.Method.invoke(Unknown Source)&#13;
	at org.junit.runners.model.FrameworkMethod$1.runReflectiveCall(FrameworkMethod.java:50)&#13;
	at org.junit.internal.runners.model.ReflectiveCallable.run(ReflectiveCallable.java:12)&#13;
	at org.junit.runners.model.FrameworkMethod.invokeExplosively(FrameworkMethod.java:47)&#13;
	at org.junit.internal.runners.statements.InvokeMethod.evaluate(InvokeMethod.java:17)&#13;
	at org.junit.internal.runners.statements.FailOnTimeout$CallableStatement.call(FailOnTimeout.java:298)&#13;
	at org.junit.internal.runners.statements.FailOnTimeout$CallableStatement.call(FailOnTimeout.java:292)&#13;
	at java.util.concurrent.FutureTask.run(Unknown Source)&#13;
	at java.lang.Thread.run(Unknown Source)&#13;
&#13;
</failure>
    </testcase>
    <testcase name="testEmptyConstructorCannotDiscardException" classname="test.Milestone1PublicTests" time="0.001"/>
    <testcase name="testConstructorStandardExists" classname="test.Milestone1PublicTests" time="0.001"/>
    <testcase name="testCPUInstanceVariableBoardManagerIsPresent" classname="test.Milestone1PublicTests" time="0.0"/>
    <testcase name="testSafeZoneInstanceVariableCellsPresent" classname="test.Milestone1PublicTests" time="0.001"/>
    <testcase name="testPlayerInstanceVariableSelectedCardSetterIsAbsent" classname="test.Milestone1PublicTests" time="0.002"/>
    <testcase name="testBoardInstanceVariableSplitDistanceSetterLogic" classname="test.Milestone1PublicTests" time="0.007"/>
    <testcase name="testGameManagerIsAnInterface" classname="test.Milestone1PublicTests" time="0.002"/>
    <testcase name="testIllegalSwapExceptionConstructorInitialization" classname="test.Milestone1PublicTests" time="0.001"/>
    <testcase name="testDescriptionGetter" classname="test.Milestone1PublicTests" time="0.0"/>
    <testcase name="testBoardInstanceVariableSplitDistanceGetterLogic" classname="test.Milestone1PublicTests" time="0.002"/>
    <testcase name="testClassIsSubclassIllegalSwapException" classname="test.Milestone1PublicTests" time="0.001"/>
    <testcase name="testGetterLogicForNameInClassStandard" classname="test.Milestone1PublicTests" time="0.004"/>
    <testcase name="testBoardInstanceVariableSplitDistanceGetterExists" classname="test.Milestone1PublicTests" time="0.006"/>
    <testcase name="testStandardCardRankModifiers1" classname="test.Milestone1PublicTests" time="0.001"/>
    <testcase name="testBoardClassExists" classname="test.Milestone1PublicTests" time="0.003"/>
    <testcase name="testGameConstructorInitializationBoardMangers" classname="test.Milestone1PublicTests" time="0.003"/>
    <testcase name="testPlayerInstanceVariableSelectedMarblesGetterIsAbsent" classname="test.Milestone1PublicTests" time="0.0"/>
    <testcase name="testPlayerInstanceVariableMarblesIsPresent" classname="test.Milestone1PublicTests" time="0.001"/>
    <testcase name="testEmptyConstructorIllegalMovementException" classname="test.Milestone1PublicTests" time="0.001"/>
    <testcase name="testPlayerInstanceVariableMarblesIsPrivate" classname="test.Milestone1PublicTests" time="0.001"/>
    <testcase name="testClassIsSubclassIllegalMovementException" classname="test.Milestone1PublicTests" time="0.002"/>
    <testcase name="testPlayerInstanceVariableColourIsFinal" classname="test.Milestone1PublicTests" time="0.004"/>
    <testcase name="testTestingsevenIsSubClassOfStandrad" classname="test.Milestone1PublicTests" time="0.001"/>
    <testcase name="testLoadCardPoolInDeckReadingCSVLoadingMixCards2" classname="test.Milestone1PublicTests" time="0.035">
      <error>java.lang.IndexOutOfBoundsException: Index: 0, Size: 0&#13;
	at java.util.ArrayList.rangeCheck(Unknown Source)&#13;
	at java.util.ArrayList.get(Unknown Source)&#13;
	at test.Milestone1PublicTests.testLoadCardPoolInDeckReadingCSVLoadingMixCards2(Milestone1PublicTests.java:1386)&#13;
	at sun.reflect.NativeMethodAccessorImpl.invoke0(Native Method)&#13;
	at sun.reflect.NativeMethodAccessorImpl.invoke(Unknown Source)&#13;
	at sun.reflect.DelegatingMethodAccessorImpl.invoke(Unknown Source)&#13;
	at java.lang.reflect.Method.invoke(Unknown Source)&#13;
	at org.junit.runners.model.FrameworkMethod$1.runReflectiveCall(FrameworkMethod.java:50)&#13;
	at org.junit.internal.runners.model.ReflectiveCallable.run(ReflectiveCallable.java:12)&#13;
	at org.junit.runners.model.FrameworkMethod.invokeExplosively(FrameworkMethod.java:47)&#13;
	at org.junit.internal.runners.statements.InvokeMethod.evaluate(InvokeMethod.java:17)&#13;
	at org.junit.internal.runners.statements.FailOnTimeout$CallableStatement.call(FailOnTimeout.java:298)&#13;
	at org.junit.internal.runners.statements.FailOnTimeout$CallableStatement.call(FailOnTimeout.java:292)&#13;
	at java.util.concurrent.FutureTask.run(Unknown Source)&#13;
	at java.lang.Thread.run(Unknown Source)&#13;
&#13;
</error>
    </testcase>
    <testcase name="testSetterForInstanceVariableNameDoesNotExistInAnyClass" classname="test.Milestone1PublicTests" time="0.003"/>
    <testcase name="testPlayerInstanceVariableColourIsPresent" classname="test.Milestone1PublicTests" time="0.002"/>
    <testcase name="testClassIsSubclassInvalidCardException" classname="test.Milestone1PublicTests" time="0.0"/>
    <testcase name="testConstructorGameException" classname="test.Milestone1PublicTests" time="0.001"/>
    <testcase name="testPlayerConstructorInitializationMarblesCorrect" classname="test.Milestone1PublicTests" time="0.001"/>
    <testcase name="testNameCardsLoadCardPoolInDeckReadingCSVLoadingWildCards" classname="test.Milestone1PublicTests" time="0.012">
      <error>java.lang.IndexOutOfBoundsException: Index: 0, Size: 0&#13;
	at java.util.ArrayList.rangeCheck(Unknown Source)&#13;
	at java.util.ArrayList.get(Unknown Source)&#13;
	at test.Milestone1PublicTests.testNameCardsLoadCardPoolInDeckReadingCSVLoadingWildCards(Milestone1PublicTests.java:1145)&#13;
	at sun.reflect.NativeMethodAccessorImpl.invoke0(Native Method)&#13;
	at sun.reflect.NativeMethodAccessorImpl.invoke(Unknown Source)&#13;
	at sun.reflect.DelegatingMethodAccessorImpl.invoke(Unknown Source)&#13;
	at java.lang.reflect.Method.invoke(Unknown Source)&#13;
	at org.junit.runners.model.FrameworkMethod$1.runReflectiveCall(FrameworkMethod.java:50)&#13;
	at org.junit.internal.runners.model.ReflectiveCallable.run(ReflectiveCallable.java:12)&#13;
	at org.junit.runners.model.FrameworkMethod.invokeExplosively(FrameworkMethod.java:47)&#13;
	at org.junit.internal.runners.statements.InvokeMethod.evaluate(InvokeMethod.java:17)&#13;
	at org.junit.internal.runners.statements.FailOnTimeout$CallableStatement.call(FailOnTimeout.java:298)&#13;
	at org.junit.internal.runners.statements.FailOnTimeout$CallableStatement.call(FailOnTimeout.java:292)&#13;
	at java.util.concurrent.FutureTask.run(Unknown Source)&#13;
	at java.lang.Thread.run(Unknown Source)&#13;
&#13;
</error>
    </testcase>
    <testcase name="testClassBurnerExists" classname="test.Milestone1PublicTests" time="0.001"/>
    <testcase name="testRankGetter" classname="test.Milestone1PublicTests" time="0.001"/>
    <testcase name="testCPUConstructorExists" classname="test.Milestone1PublicTests" time="0.0"/>
    <testcase name="testSafeZoneInstanceVariableColourIsFinal" classname="test.Milestone1PublicTests" time="0.001"/>
    <testcase name="testCardsFileInDeckIsFinal" classname="test.Milestone1PublicTests" time="0.001"/>
    <testcase name="testCardsPoolInDeckIsPrivate" classname="test.Milestone1PublicTests" time="0.002"/>
    <testcase name="testGameInstanceVariableBoardGetterExists" classname="test.Milestone1PublicTests" time="0.001"/>
    <testcase name="testBoardConstructorInitializationTrackCorrect" classname="test.Milestone1PublicTests" time="0.008"/>
    <testcase name="testClassTenExists" classname="test.Milestone1PublicTests" time="0.003"/>
    <testcase name="testPlayerInstanceVariableNameSetterIsAbsent" classname="test.Milestone1PublicTests" time="0.001"/>
    <testcase name="testStandardCardConstructorInitialization" classname="test.Milestone1PublicTests" time="0.003"/>
    <testcase name="testBoardInstanceVariableGameManagerOfTypeGameManager" classname="test.Milestone1PublicTests" time="0.001"/>
    <testcase name="testCellInstanceVariableCellTypeGetterLogic" classname="test.Milestone1PublicTests" time="0.0"/>
    <testcase name="testEmptyConstructorGameException" classname="test.Milestone1PublicTests" time="0.001"/>
    <testcase name="testCPUInstanceVariableBoardManagerIsFinal" classname="test.Milestone1PublicTests" time="0.001"/>
    <testcase name="testCodeCardsLoadCardPoolInDeckReadingCSVLoadingWildCards" classname="test.Milestone1PublicTests" time="0.009">
      <failure>java.lang.AssertionError: Wild card code loaded incorrectly, expected a Burner card but was Saver expected:&lt;class model.card.wild.Burner&gt; but was:&lt;class model.card.standard.Ace&gt;&#13;
	at org.junit.Assert.fail(Assert.java:88)&#13;
	at org.junit.Assert.failNotEquals(Assert.java:834)&#13;
	at org.junit.Assert.assertEquals(Assert.java:118)&#13;
	at test.Milestone1PublicTests.testCodeCardsLoadCardPoolInDeckReadingCSVLoadingWildCards(Milestone1PublicTests.java:1205)&#13;
	at sun.reflect.NativeMethodAccessorImpl.invoke0(Native Method)&#13;
	at sun.reflect.NativeMethodAccessorImpl.invoke(Unknown Source)&#13;
	at sun.reflect.DelegatingMethodAccessorImpl.invoke(Unknown Source)&#13;
	at java.lang.reflect.Method.invoke(Unknown Source)&#13;
	at org.junit.runners.model.FrameworkMethod$1.runReflectiveCall(FrameworkMethod.java:50)&#13;
	at org.junit.internal.runners.model.ReflectiveCallable.run(ReflectiveCallable.java:12)&#13;
	at org.junit.runners.model.FrameworkMethod.invokeExplosively(FrameworkMethod.java:47)&#13;
	at org.junit.internal.runners.statements.InvokeMethod.evaluate(InvokeMethod.java:17)&#13;
	at org.junit.internal.runners.statements.FailOnTimeout$CallableStatement.call(FailOnTimeout.java:298)&#13;
	at org.junit.internal.runners.statements.FailOnTimeout$CallableStatement.call(FailOnTimeout.java:292)&#13;
	at java.util.concurrent.FutureTask.run(Unknown Source)&#13;
	at java.lang.Thread.run(Unknown Source)&#13;
&#13;
</failure>
    </testcase>
    <testcase name="testCardDescriptionModifiers4" classname="test.Milestone1PublicTests" time="0.0"/>
    <testcase name="testDrawCardsInDeckisStatic" classname="test.Milestone1PublicTests" time="0.0"/>
    <testcase name="testCellInstanceVariableMarbleGetterLogic" classname="test.Milestone1PublicTests" time="0.001"/>
    <testcase name="testgetSplitDistanceInBoardManagerInterface" classname="test.Milestone1PublicTests" time="0.001"/>
    <testcase name="testCannotDiscardExceptionConstructorInitializationCheck" classname="test.Milestone1PublicTests" time="0.0"/>
    <testcase name="testSafeZoneInstanceVariableColourGetterExists" classname="test.Milestone1PublicTests" time="0.001"/>
    <testcase name="testMarbleInCellSetterLogic" classname="test.Milestone1PublicTests" time="0.001"/>
    <testcase name="testTypeOfMarbleInCell" classname="test.Milestone1PublicTests" time="0.0"/>
    <testcase name="testGameInstanceVariableCurrentPlayerIndexNOGetter" classname="test.Milestone1PublicTests" time="0.001"/>
    <testcase name="testGameInstanceVariableTurnPresent" classname="test.Milestone1PublicTests" time="0.001"/>
    <testcase name="testGameInstanceVariableFirePitIsFinal" classname="test.Milestone1PublicTests" time="0.0"/>
    <testcase name="testPlayerInstanceVariableSelectedMarblesIsPrivate" classname="test.Milestone1PublicTests" time="0.001"/>
    <testcase name="testGameInstanceVariablePlayersGetterExists" classname="test.Milestone1PublicTests" time="0.001"/>
    <testcase name="testClassIsSubclassCannotFieldException" classname="test.Milestone1PublicTests" time="0.001"/>
    <testcase name="testIsCardAnAbstractClass" classname="test.Milestone1PublicTests" time="0.0"/>
    <testcase name="testPlayerInstanceVariablehHandOfTypeArrayListOfCard" classname="test.Milestone1PublicTests" time="0.002"/>
    <testcase name="testCardsFileInDeckExistance" classname="test.Milestone1PublicTests" time="0.0"/>
    <testcase name="testTestingJackIsSubClassOfStandrad" classname="test.Milestone1PublicTests" time="0.001"/>
    <testcase name="testBoardInstanceVariablehTrackOfTypeArrayListOfCell" classname="test.Milestone1PublicTests" time="0.0"/>
    <testcase name="testGameInstanceVariablePlayersPresent" classname="test.Milestone1PublicTests" time="0.001"/>
    <testcase name="testCannotFieldExceptionConstructorInitialization" classname="test.Milestone1PublicTests" time="0.001"/>
    <testcase name="testPlayerInstanceVariableSelectedCardGetterLogic" classname="test.Milestone1PublicTests" time="0.007"/>
    <testcase name="testCPUConstructorInitialization" classname="test.Milestone1PublicTests" time="0.007"/>
    <testcase name="testPlayerInstanceVariableNameIsFinal" classname="test.Milestone1PublicTests" time="0.001"/>
    <testcase name="testSplitOutOfRangeExceptionConstructorInitializationCheck" classname="test.Milestone1PublicTests" time="0.001"/>
    <testcase name="testTrapInCellGetterExists" classname="test.Milestone1PublicTests" time="0.001"/>
    <testcase name="testBoardManagerModifier" classname="test.Milestone1PublicTests" time="0.001"/>
    <testcase name="testPlayerInstanceVariableSelectedMarblesOfTypeArrayList" classname="test.Milestone1PublicTests" time="0.001"/>
    <testcase name="testGameInstanceVariableFirePitNoSetter" classname="test.Milestone1PublicTests" time="0.001"/>
    <testcase name="testMarbleInCellSetterExists" classname="test.Milestone1PublicTests" time="0.001"/>
    <testcase name="testGameConstructorInitializationTurn" classname="test.Milestone1PublicTests" time="0.005"/>
    <testcase name="testBoardConstructorInitializationSafeZonesCorrect" classname="test.Milestone1PublicTests" time="0.013"/>
    <testcase name="testPlayerConstructorInitializationHandCorrect" classname="test.Milestone1PublicTests" time="0.0"/>
    <testcase name="testPlayerInstanceVariableMarblesOfTypeArrayListOfMarbles" classname="test.Milestone1PublicTests" time="0.001"/>
    <testcase name="testBoardInGameType" classname="test.Milestone1PublicTests" time="0.001"/>
    <testcase name="testGameInstanceVariablePlayersGetterLogic" classname="test.Milestone1PublicTests" time="0.003"/>
    <testcase name="testClassCardExists" classname="test.Milestone1PublicTests" time="0.001"/>
    <testcase name="testColourInMarbleType" classname="test.Milestone1PublicTests" time="0.0"/>
    <testcase name="testSafeZoneInstanceVariableCellsGetterExists" classname="test.Milestone1PublicTests" time="0.001"/>
    <testcase name="testLoadCardPoolInDeckReadingCSVLoadingStandardCards1" classname="test.Milestone1PublicTests" time="0.008">
      <failure>
        <expected>HEART</expected>
        <actual>DIAMOND</actual>org.junit.ComparisonFailure: Wrong Suit loaded for Standard card expected:&lt;[HEART]&gt; but was:&lt;[DIAMOND]&gt;&#13;
	at org.junit.Assert.assertEquals(Assert.java:115)&#13;
	at test.Milestone1PublicTests.testLoadCardPoolInDeckReadingCSVLoadingStandardCards1(Milestone1PublicTests.java:1496)&#13;
	at sun.reflect.NativeMethodAccessorImpl.invoke0(Native Method)&#13;
	at sun.reflect.NativeMethodAccessorImpl.invoke(Unknown Source)&#13;
	at sun.reflect.DelegatingMethodAccessorImpl.invoke(Unknown Source)&#13;
	at java.lang.reflect.Method.invoke(Unknown Source)&#13;
	at org.junit.runners.model.FrameworkMethod$1.runReflectiveCall(FrameworkMethod.java:50)&#13;
	at org.junit.internal.runners.model.ReflectiveCallable.run(ReflectiveCallable.java:12)&#13;
	at org.junit.runners.model.FrameworkMethod.invokeExplosively(FrameworkMethod.java:47)&#13;
	at org.junit.internal.runners.statements.InvokeMethod.evaluate(InvokeMethod.java:17)&#13;
	at org.junit.internal.runners.statements.FailOnTimeout$CallableStatement.call(FailOnTimeout.java:298)&#13;
	at org.junit.internal.runners.statements.FailOnTimeout$CallableStatement.call(FailOnTimeout.java:292)&#13;
	at java.util.concurrent.FutureTask.run(Unknown Source)&#13;
	at java.lang.Thread.run(Unknown Source)&#13;
&#13;
</failure>
    </testcase>
    <testcase name="testLoadCardPoolInDeckReadingCSVLoadingStandardCards2" classname="test.Milestone1PublicTests" time="0.016">
      <failure>
        <expected>Seven</expected>
        <actual>Four</actual>org.junit.ComparisonFailure: Wrong name loaded for Standard card expected:&lt;[Seven]&gt; but was:&lt;[Four]&gt;&#13;
	at org.junit.Assert.assertEquals(Assert.java:115)&#13;
	at test.Milestone1PublicTests.testLoadCardPoolInDeckReadingCSVLoadingStandardCards2(Milestone1PublicTests.java:1693)&#13;
	at sun.reflect.NativeMethodAccessorImpl.invoke0(Native Method)&#13;
	at sun.reflect.NativeMethodAccessorImpl.invoke(Unknown Source)&#13;
	at sun.reflect.DelegatingMethodAccessorImpl.invoke(Unknown Source)&#13;
	at java.lang.reflect.Method.invoke(Unknown Source)&#13;
	at org.junit.runners.model.FrameworkMethod$1.runReflectiveCall(FrameworkMethod.java:50)&#13;
	at org.junit.internal.runners.model.ReflectiveCallable.run(ReflectiveCallable.java:12)&#13;
	at org.junit.runners.model.FrameworkMethod.invokeExplosively(FrameworkMethod.java:47)&#13;
	at org.junit.internal.runners.statements.InvokeMethod.evaluate(InvokeMethod.java:17)&#13;
	at org.junit.internal.runners.statements.FailOnTimeout$CallableStatement.call(FailOnTimeout.java:298)&#13;
	at org.junit.internal.runners.statements.FailOnTimeout$CallableStatement.call(FailOnTimeout.java:292)&#13;
	at java.util.concurrent.FutureTask.run(Unknown Source)&#13;
	at java.lang.Thread.run(Unknown Source)&#13;
&#13;
</failure>
    </testcase>
    <testcase name="testPlayerInstanceVariableNameIsPrivate" classname="test.Milestone1PublicTests" time="0.001"/>
    <testcase name="testColourInSafeZoneType" classname="test.Milestone1PublicTests" time="0.001"/>
    <testcase name="testInvalidMarbleExceptionConstructorInitialization" classname="test.Milestone1PublicTests" time="0.0"/>
    <testcase name="testCellConstructorExists" classname="test.Milestone1PublicTests" time="0.001"/>
    <testcase name="testBoardInstanceVariableSafeZonesIsPresent" classname="test.Milestone1PublicTests" time="0.001"/>
    <testcase name="testBoardInstanceVariableSafeZonesIsPrivate" classname="test.Milestone1PublicTests" time="0.001"/>
    <testcase name="testBoardInstanceVariableGameManagerGetterIsAbsent" classname="test.Milestone1PublicTests" time="0.003"/>
    <testcase name="testClassJackExists" classname="test.Milestone1PublicTests" time="0.001"/>
    <testcase name="testCellTypeIsEnum" classname="test.Milestone1PublicTests" time="0.0"/>
    <testcase name="testTestingQueenIsSubClassOfStandrad" classname="test.Milestone1PublicTests" time="0.001"/>
    <testcase name="testConstructorfourExists" classname="test.Milestone1PublicTests" time="0.0"/>
    <testcase name="testPlayerInstanceVariableHandIsPresent" classname="test.Milestone1PublicTests" time="0.001"/>
    <testcase name="testPlayerInstanceVariableHandIsPrivate" classname="test.Milestone1PublicTests" time="0.001"/>
    <testcase name="testCardInstanceVariablRankIsPresent" classname="test.Milestone1PublicTests" time="0.0"/>
    <testcase name="testBoardInstanceVariableGameManagerIsFinal" classname="test.Milestone1PublicTests" time="0.0"/>
    <testcase name="testEmptyConstructorInvalidCardException" classname="test.Milestone1PublicTests" time="0.001"/>
    <testcase name="testBurnerIsSubClassOfWild" classname="test.Milestone1PublicTests" time="0.0"/>
    <testcase name="testMarbleInstanceVariableColourGetterLogic" classname="test.Milestone1PublicTests" time="0.0"/>
    <testcase name="testPlayerInstanceVariableSelectedMarblesIsFinal" classname="test.Milestone1PublicTests" time="0.001"/>
    <testcase name="testFrequencyCardsLoadCardPoolInDeckReadingCSVLoadingWildCards" classname="test.Milestone1PublicTests" time="0.009">
      <failure>java.lang.AssertionError: Card Frequency is incorrect, card of name:MarbleBurner should be added with frequency  expected:&lt;20&gt; but was:&lt;0&gt;&#13;
	at org.junit.Assert.fail(Assert.java:88)&#13;
	at org.junit.Assert.failNotEquals(Assert.java:834)&#13;
	at org.junit.Assert.assertEquals(Assert.java:645)&#13;
	at test.Milestone1PublicTests.testFrequencyCardsLoadCardPoolInDeckReadingCSVLoadingWildCards(Milestone1PublicTests.java:1271)&#13;
	at sun.reflect.NativeMethodAccessorImpl.invoke0(Native Method)&#13;
	at sun.reflect.NativeMethodAccessorImpl.invoke(Unknown Source)&#13;
	at sun.reflect.DelegatingMethodAccessorImpl.invoke(Unknown Source)&#13;
	at java.lang.reflect.Method.invoke(Unknown Source)&#13;
	at org.junit.runners.model.FrameworkMethod$1.runReflectiveCall(FrameworkMethod.java:50)&#13;
	at org.junit.internal.runners.model.ReflectiveCallable.run(ReflectiveCallable.java:12)&#13;
	at org.junit.runners.model.FrameworkMethod.invokeExplosively(FrameworkMethod.java:47)&#13;
	at org.junit.internal.runners.statements.InvokeMethod.evaluate(InvokeMethod.java:17)&#13;
	at org.junit.internal.runners.statements.FailOnTimeout$CallableStatement.call(FailOnTimeout.java:298)&#13;
	at org.junit.internal.runners.statements.FailOnTimeout$CallableStatement.call(FailOnTimeout.java:292)&#13;
	at java.util.concurrent.FutureTask.run(Unknown Source)&#13;
	at java.lang.Thread.run(Unknown Source)&#13;
&#13;
</failure>
    </testcase>
    <testcase name="testCellInstanceVariableMarbleGetterExists" classname="test.Milestone1PublicTests" time="0.001"/>
    <testcase name="testGameInstanceVariableCurrentPlayerIndexPresent" classname="test.Milestone1PublicTests" time="0.001"/>
    <testcase name="testBoardInstanceVariableSplitDistanceSetterExists" classname="test.Milestone1PublicTests" time="0.0"/>
    <testcase name="testCardsPoolInDeckIsStatic" classname="test.Milestone1PublicTests" time="0.001"/>
    <testcase name="testMarbleInstanceVariableColourGetterExists" classname="test.Milestone1PublicTests" time="0.001"/>
    <testcase name="testGameInstanceVariablePlayersNoSetter" classname="test.Milestone1PublicTests" time="0.0"/>
    <testcase name="testPlayerConstructorInitialization" classname="test.Milestone1PublicTests" time="0.001"/>
    <testcase name="testConstructorActionException" classname="test.Milestone1PublicTests" time="0.0"/>
    <testcase name="testCellInstanceVariableTrapPresent" classname="test.Milestone1PublicTests" time="0.001"/>
    <testcase name="testMarbleInstanceVariableColourNoSetter" classname="test.Milestone1PublicTests" time="0.0"/>
    <testcase name="testCardsFileInDeckValue" classname="test.Milestone1PublicTests" time="0.001"/>
    <testcase name="testFirePitInGameType" classname="test.Milestone1PublicTests" time="0.001"/>
    <testcase name="testTypeOfCellTypeInCell" classname="test.Milestone1PublicTests" time="0.0"/>
    <testcase name="testClassAceExists" classname="test.Milestone1PublicTests" time="0.001"/>
    <testcase name="testBoardImplementsBoardManager" classname="test.Milestone1PublicTests" time="0.0"/>
    <testcase name="testCPUSubToPlayer" classname="test.Milestone1PublicTests" time="0.001"/>
    <testcase name="testSuitGetter" classname="test.Milestone1PublicTests" time="0.001"/>
    <testcase name="testBoardInstanceVariableSafeZonesGetterExists" classname="test.Milestone1PublicTests" time="0.0"/>
    <testcase name="testGetterForInstanceVariableRankDoesNotExistInWeaponSubClasses" classname="test.Milestone1PublicTests" time="0.001"/>
    <testcase name="testSuitIsEnum" classname="test.Milestone1PublicTests" time="0.0"/>
    <testcase name="testPlayerInstanceVariableHandSetterLogic" classname="test.Milestone1PublicTests" time="0.007"/>
    <testcase name="testSevenCardConstructorInitialization" classname="test.Milestone1PublicTests" time="0.003"/>
    <testcase name="testCardFileInDeckGetterIsAbsent" classname="test.Milestone1PublicTests" time="0.0"/>
    <testcase name="testBoardInstanceVariableTrackIsPresent" classname="test.Milestone1PublicTests" time="0.001"/>
    <testcase name="testBoardInstanceVariableTrackIsPrivate" classname="test.Milestone1PublicTests" time="0.001"/>
    <testcase name="testGetterForInstanceVariableNameDoesNotExistInWeaponSubClasses" classname="test.Milestone1PublicTests" time="0.0"/>
    <testcase name="testPlayerInstanceVariableHandGetterLogic" classname="test.Milestone1PublicTests" time="0.006"/>
    <testcase name="testClassIsAbstractInvalidSelectionException" classname="test.Milestone1PublicTests" time="0.007"/>
    <testcase name="testDrawCardsInDeckRemovedCardsCards" classname="test.Milestone1PublicTests" time="0.002">
      <failure>java.lang.AssertionError: Returned cards should be removed from the cards pool&#13;
	at org.junit.Assert.fail(Assert.java:88)&#13;
	at org.junit.Assert.assertTrue(Assert.java:41)&#13;
	at org.junit.Assert.assertFalse(Assert.java:64)&#13;
	at test.Milestone1PublicTests.testDrawCardsInDeckRemovedCardsCards(Milestone1PublicTests.java:1830)&#13;
	at sun.reflect.NativeMethodAccessorImpl.invoke0(Native Method)&#13;
	at sun.reflect.NativeMethodAccessorImpl.invoke(Unknown Source)&#13;
	at sun.reflect.DelegatingMethodAccessorImpl.invoke(Unknown Source)&#13;
	at java.lang.reflect.Method.invoke(Unknown Source)&#13;
	at org.junit.runners.model.FrameworkMethod$1.runReflectiveCall(FrameworkMethod.java:50)&#13;
	at org.junit.internal.runners.model.ReflectiveCallable.run(ReflectiveCallable.java:12)&#13;
	at org.junit.runners.model.FrameworkMethod.invokeExplosively(FrameworkMethod.java:47)&#13;
	at org.junit.internal.runners.statements.InvokeMethod.evaluate(InvokeMethod.java:17)&#13;
	at org.junit.internal.runners.statements.FailOnTimeout$CallableStatement.call(FailOnTimeout.java:298)&#13;
	at org.junit.internal.runners.statements.FailOnTimeout$CallableStatement.call(FailOnTimeout.java:292)&#13;
	at java.util.concurrent.FutureTask.run(Unknown Source)&#13;
	at java.lang.Thread.run(Unknown Source)&#13;
&#13;
</failure>
    </testcase>
    <testcase name="testIllegalDestroyExceptionConstructorInitializationCheck" classname="test.Milestone1PublicTests" time="0.001"/>
    <testcase name="testWildCardExists" classname="test.Milestone1PublicTests" time="0.001"/>
    <testcase name="testPlayerInstanceVariableColourGetterLogicCase1" classname="test.Milestone1PublicTests" time="0.001"/>
    <testcase name="testTestingStandardIsSubClassOfCard" classname="test.Milestone1PublicTests" time="0.0"/>
    <testcase name="testIllegalSwapExceptionConstructorInitializationCheck" classname="test.Milestone1PublicTests" time="0.001"/>
    <testcase name="testCellInstanceVariableMarbleIsPrivate" classname="test.Milestone1PublicTests" time="0.0"/>
    <testcase name="testGameConstructorInitializationGameMangers" classname="test.Milestone1PublicTests" time="0.0"/>
    <testcase name="testCardsPoolInDeckSetterIsAbsent" classname="test.Milestone1PublicTests" time="0.0"/>
    <testcase name="testConstructorIllegalDestroyException" classname="test.Milestone1PublicTests" time="0.0"/>
    <testcase name="testSafeZoneInstanceVariableColourPresent" classname="test.Milestone1PublicTests" time="0.0"/>
    <testcase name="testCPUInstanceVariableBoardManagerSetterIsAbsent" classname="test.Milestone1PublicTests" time="0.0"/>
    <testcase name="testSafeZoneInstanceVariableCellsIsFinal" classname="test.Milestone1PublicTests" time="0.0"/>
    <testcase name="testClassKingExists" classname="test.Milestone1PublicTests" time="0.0"/>
  </testsuite>
</testrun>
